<?xml version="1.0" encoding="UTF-8"?>
<testng-results skipped="0" failed="0" ignored="0" total="1" passed="1">
  <reporter-output>
  </reporter-output>
  <suite name="Default suite" duration-ms="243" started-at="2018-02-15T02:43:07Z" finished-at="2018-02-15T02:43:07Z">
    <groups>
    </groups>
    <test name="Default test" duration-ms="243" started-at="2018-02-15T02:43:07Z" finished-at="2018-02-15T02:43:07Z">
      <class name="stringconcept_classwork.LearnStringMethods">
        <test-method status="PASS" signature="stringBasics()[pri:0, instance:stringconcept_classwork.LearnStringMethods@17cd7a0]" name="stringBasics" duration-ms="61" started-at="2018-02-15T08:13:07Z" finished-at="2018-02-15T08:13:07Z">
          <reporter-output>
          </reporter-output>
        </test-method> <!-- stringBasics -->
      </class> <!-- stringconcept_classwork.LearnStringMethods -->
    </test> <!-- Default test -->
  </suite> <!-- Default suite -->
</testng-results>
